<?xml version="1.0" encoding="UTF-8" ?>
<testsuite tests="54" failures="0" name="TokenizerTest" time="0.024" errors="0" skipped="0">
  <properties>
[...]
</properties>
  <testcase classname="TokenizerTest" name="testStringLiteral" time="0.006"/>
  <testcase classname="TokenizerTest" name="testIfKeyword" time="0"/>
  <testcase classname="TokenizerTest" name="TestRightCurlyToken" time="0.001"/>
  <testcase classname="TokenizerTest" name="testFalseKeyword" time="0"/>
  <testcase classname="TokenizerTest" name="testPlusOperator" time="0.001"/>
  <testcase classname="TokenizerTest" name="TestRightBracketToken" time="0"/>
  <testcase classname="TokenizerTest" name="testBadStringLiteral" time="0"/>
  <testcase classname="TokenizerTest" name="testReturnKeyword" time="0"/>
  <testcase classname="TokenizerTest" name="testGTOperator" time="0.001"/>
  <testcase classname="TokenizerTest" name="testMultiplicationOperator" time="0"/>
  <testcase classname="TokenizerTest" name="testDivisionOperator" time="0.001"/>
  <testcase classname="TokenizerTest" name="TestLeftBracketToken" time="0"/>
  <testcase classname="TokenizerTest" name="testClogKeyword" time="0.001"/>
  <testcase classname="TokenizerTest" name="TestCommaToken" time="0"/>
  <testcase classname="TokenizerTest" name="testNewKeyword" time="0"/>
  <testcase classname="TokenizerTest" name="testModulusOperator" time="0.001"/>
  <testcase classname="TokenizerTest" name="testGTEQOperator" time="0"/>
  <testcase classname="TokenizerTest" name="TestRightParenToken" time="0.001"/>
  <testcase classname="TokenizerTest" name="TestColonToken" time="0"/>
  <testcase classname="TokenizerTest" name="testForKeyword" time="0.001"/>
  <testcase classname="TokenizerTest" name="testBadIdentifier" time="0.001"/>
  <testcase classname="TokenizerTest" name="testLengthKeyword" time="0"/>
  <testcase classname="TokenizerTest" name="testConstructorKeyword" time="0"/>
  <testcase classname="TokenizerTest" name="testVoidKeyword" time="0.001"/>
  <testcase classname="TokenizerTest" name="testLTEQOperator" time="0"/>
  <testcase classname="TokenizerTest" name="testEqualOperator" time="0.001"/>
  <testcase classname="TokenizerTest" name="testIntKeyword" time="0"/>
  <testcase classname="TokenizerTest" name="testDotOperator" time="0.001"/>
  <testcase classname="TokenizerTest" name="testTrueKeyword" time="0"/>
  <testcase classname="TokenizerTest" name="testClassKeyword" time="0"/>
  <testcase classname="TokenizerTest" name="TestMakeVariable" time="0.001"/>
  <testcase classname="TokenizerTest" name="testBoolKeyword" time="0.001"/>
  <testcase classname="TokenizerTest" name="testIntHashcode" time="0"/>
  <testcase classname="TokenizerTest" name="testEmptyString" time="0"/>
  <testcase classname="TokenizerTest" name="testCloglnKeyword" time="0.001"/>
  <testcase classname="TokenizerTest" name="TestLeftCurlyToken" time="0"/>
  <testcase classname="TokenizerTest" name="testIdentifiers" time="0.001"/>
  <testcase classname="TokenizerTest" name="testEqualToOperator" time="0"/>
  <testcase classname="TokenizerTest" name="testThisKeyword" time="0"/>
  <testcase classname="TokenizerTest" name="testWhileKeyword" time="0.001"/>
  <testcase classname="TokenizerTest" name="testStringKeyword" time="0"/>
  <testcase classname="TokenizerTest" name="testOnlyWhitespace" time="0"/>
  <testcase classname="TokenizerTest" name="testMinusOperator" time="0"/>
  <testcase classname="TokenizerTest" name="testBadInt" time="0"/>
  <testcase classname="TokenizerTest" name="testIntegers" time="0"/>
  <testcase classname="TokenizerTest" name="TestSemicolonToken" time="0"/>
  <testcase classname="TokenizerTest" name="testInvalid" time="0"/>
  <testcase classname="TokenizerTest" name="testStringHashcode" time="0"/>
  <testcase classname="TokenizerTest" name="testElseKeyword" time="0"/>
  <testcase classname="TokenizerTest" name="testLTOperator" time="0.001"/>
  <testcase classname="TokenizerTest" name="testBadStringInt" time="0"/>
  <testcase classname="TokenizerTest" name="TestLeftParenToken" time="0"/>
  <testcase classname="TokenizerTest" name="testTrueByItself" time="0"/>
  <testcase classname="TokenizerTest" name="testBadIntString" time="0"/>
</testsuite>